 * Serving Flask app 'app'
 * Debug mode: on
[31m[1mWARNING: This is a development server. Do not use it in a production deployment. Use a production WSGI server instead.[0m
 * Running on all addresses (0.0.0.0)
 * Running on http://127.0.0.1:8000
 * Running on http://172.16.128.30:8000
[33mPress CTRL+C to quit[0m
 * Restarting with stat
 * Debugger is active!
 * Debugger PIN: 105-299-240
127.0.0.1 - - [25/Oct/2025 22:59:10] "GET / HTTP/1.1" 200 -
 * Detected change in '/Users/adityasinghal/Developer/hackowwn/ImpactEcho---Hackoween/app.py', reloading
 * Restarting with stat
 * Debugger is active!
 * Debugger PIN: 105-299-240
 * Detected change in '/Users/adityasinghal/Developer/hackowwn/ImpactEcho---Hackoween/app.py', reloading
 * Restarting with stat
 * Debugger is active!
 * Debugger PIN: 105-299-240
 * Detected change in '/Users/adityasinghal/Developer/hackowwn/ImpactEcho---Hackoween/app.py', reloading
 * Restarting with stat
 * Debugger is active!
 * Debugger PIN: 105-299-240
